# JRE version: Java(TM) SE Runtime Environment (8.0_271-b09) (build 1.8.0_271-b09)
# Java VM: Java HotSpot(TM) 64-Bit Server VM (25.271-b09 mixed mode windows-amd64 compressed oops)
Heap:
 PSYoungGen      total 67584K, used 31208K [0x00000000d6100000, 0x00000000dd700000, 0x0000000100000000)
  eden space 62464K, 41% used [0x00000000d6100000,0x00000000d7a7db68,0x00000000d9e00000)
  from space 5120K, 99% used [0x00000000da600000,0x00000000daafc7d8,0x00000000dab00000)
  to   space 8192K, 0% used [0x00000000d9e00000,0x00000000d9e00000,0x00000000da600000)
 ParOldGen       total 54272K, used 8011K [0x0000000082200000, 0x0000000085700000, 0x00000000d6100000)
  object space 54272K, 14% used [0x0000000082200000,0x00000000829d2d70,0x0000000085700000)
 Metaspace       used 28728K, capacity 30440K, committed 30592K, reserved 1075200K
  class space    used 3670K, capacity 3957K, committed 3968K, reserved 1048576K
GC Heap History (10 events):
Event: 1.919 GC heap before
{Heap before GC invocations=3 (full 0):
 PSYoungGen      total 37888K, used 37850K [0x00000000d6100000, 0x00000000d8b00000, 0x0000000100000000)
  eden space 32768K, 100% used [0x00000000d6100000,0x00000000d8100000,0x00000000d8100000)
  from space 5120K, 99% used [0x00000000d8600000,0x00000000d8af6a10,0x00000000d8b00000)
  to   space 5120K, 0% used [0x00000000d8100000,0x00000000d8100000,0x00000000d8600000)
 ParOldGen       total 86016K, used 24K [0x0000000082200000, 0x0000000087600000, 0x00000000d6100000)
  object space 86016K, 0% used [0x0000000082200000,0x0000000082206000,0x0000000087600000)
 Metaspace       used 15943K, capacity 16538K, committed 16768K, reserved 1064960K
  class space    used 1918K, capacity 2088K, committed 2176K, reserved 1048576K
Event: 1.928 GC heap after
Heap after GC invocations=3 (full 0):
 PSYoungGen      total 37888K, used 5105K [0x00000000d6100000, 0x00000000dab00000, 0x0000000100000000)
  eden space 32768K, 0% used [0x00000000d6100000,0x00000000d6100000,0x00000000d8100000)
  from space 5120K, 99% used [0x00000000d8100000,0x00000000d85fc4b0,0x00000000d8600000)
  to   space 5120K, 0% used [0x00000000da600000,0x00000000da600000,0x00000000dab00000)
 ParOldGen       total 86016K, used 2204K [0x0000000082200000, 0x0000000087600000, 0x00000000d6100000)
  object space 86016K, 2% used [0x0000000082200000,0x0000000082427278,0x0000000087600000)
 Metaspace       used 15943K, capacity 16538K, committed 16768K, reserved 1064960K
  class space    used 1918K, capacity 2088K, committed 2176K, reserved 1048576K
}
Event: 2.450 GC heap before
{Heap before GC invocations=4 (full 0):
 PSYoungGen      total 37888K, used 37873K [0x00000000d6100000, 0x00000000dab00000, 0x0000000100000000)
  eden space 32768K, 100% used [0x00000000d6100000,0x00000000d8100000,0x00000000d8100000)
  from space 5120K, 99% used [0x00000000d8100000,0x00000000d85fc4b0,0x00000000d8600000)
  to   space 5120K, 0% used [0x00000000da600000,0x00000000da600000,0x00000000dab00000)
 ParOldGen       total 86016K, used 2204K [0x0000000082200000, 0x0000000087600000, 0x00000000d6100000)
  object space 86016K, 2% used [0x0000000082200000,0x0000000082427278,0x0000000087600000)
 Metaspace       used 19073K, capacity 19742K, committed 19968K, reserved 1067008K
  class space    used 2354K, capacity 2522K, committed 2560K, reserved 1048576K
Event: 2.455 GC heap after
Heap after GC invocations=4 (full 0):
 PSYoungGen      total 70656K, used 5100K [0x00000000d6100000, 0x00000000dab00000, 0x0000000100000000)
  eden space 65536K, 0% used [0x00000000d6100000,0x00000000d6100000,0x00000000da100000)
  from space 5120K, 99% used [0x00000000da600000,0x00000000daafb0c0,0x00000000dab00000)
  to   space 5120K, 0% used [0x00000000da100000,0x00000000da100000,0x00000000da600000)
 ParOldGen       total 86016K, used 4297K [0x0000000082200000, 0x0000000087600000, 0x00000000d6100000)
  object space 86016K, 4% used [0x0000000082200000,0x0000000082632478,0x0000000087600000)
 Metaspace       used 19073K, capacity 19742K, committed 19968K, reserved 1067008K
  class space    used 2354K, capacity 2522K, committed 2560K, reserved 1048576K
}
Event: 2.931 GC heap before
{Heap before GC invocations=5 (full 0):
 PSYoungGen      total 70656K, used 33835K [0x00000000d6100000, 0x00000000dab00000, 0x0000000100000000)
  eden space 65536K, 43% used [0x00000000d6100000,0x00000000d7d0fee8,0x00000000da100000)
  from space 5120K, 99% used [0x00000000da600000,0x00000000daafb0c0,0x00000000dab00000)
  to   space 5120K, 0% used [0x00000000da100000,0x00000000da100000,0x00000000da600000)
 ParOldGen       total 86016K, used 4297K [0x0000000082200000, 0x0000000087600000, 0x00000000d6100000)
  object space 86016K, 4% used [0x0000000082200000,0x0000000082632478,0x0000000087600000)
 Metaspace       used 20224K, capacity 21084K, committed 21248K, reserved 1067008K
  class space    used 2495K, capacity 2702K, committed 2816K, reserved 1048576K
Event: 2.936 GC heap after
Heap after GC invocations=5 (full 0):
 PSYoungGen      total 70656K, used 5104K [0x00000000d6100000, 0x00000000dab00000, 0x0000000100000000)
  eden space 65536K, 0% used [0x00000000d6100000,0x00000000d6100000,0x00000000da100000)
  from space 5120K, 99% used [0x00000000da100000,0x00000000da5fc020,0x00000000da600000)
  to   space 5120K, 0% used [0x00000000da600000,0x00000000da600000,0x00000000dab00000)
 ParOldGen       total 86016K, used 5598K [0x0000000082200000, 0x0000000087600000, 0x00000000d6100000)
  object space 86016K, 6% used [0x0000000082200000,0x0000000082777820,0x0000000087600000)
 Metaspace       used 20224K, capacity 21084K, committed 21248K, reserved 1067008K
  class space    used 2495K, capacity 2702K, committed 2816K, reserved 1048576K
}
Event: 2.936 GC heap before
{Heap before GC invocations=6 (full 1):
 PSYoungGen      total 70656K, used 5104K [0x00000000d6100000, 0x00000000dab00000, 0x0000000100000000)
  eden space 65536K, 0% used [0x00000000d6100000,0x00000000d6100000,0x00000000da100000)
  from space 5120K, 99% used [0x00000000da100000,0x00000000da5fc020,0x00000000da600000)
  to   space 5120K, 0% used [0x00000000da600000,0x00000000da600000,0x00000000dab00000)
 ParOldGen       total 86016K, used 5598K [0x0000000082200000, 0x0000000087600000, 0x00000000d6100000)
  object space 86016K, 6% used [0x0000000082200000,0x0000000082777820,0x0000000087600000)
 Metaspace       used 20224K, capacity 21084K, committed 21248K, reserved 1067008K
  class space    used 2495K, capacity 2702K, committed 2816K, reserved 1048576K
Event: 2.955 GC heap after
Heap after GC invocations=6 (full 1):
 PSYoungGen      total 70656K, used 0K [0x00000000d6100000, 0x00000000dab00000, 0x0000000100000000)
  eden space 65536K, 0% used [0x00000000d6100000,0x00000000d6100000,0x00000000da100000)
  from space 5120K, 0% used [0x00000000da100000,0x00000000da100000,0x00000000da600000)
  to   space 5120K, 0% used [0x00000000da600000,0x00000000da600000,0x00000000dab00000)
 ParOldGen       total 54272K, used 6204K [0x0000000082200000, 0x0000000085700000, 0x00000000d6100000)
  object space 54272K, 11% used [0x0000000082200000,0x000000008280f1d8,0x0000000085700000)
 Metaspace       used 20224K, capacity 21084K, committed 21248K, reserved 1067008K
  class space    used 2495K, capacity 2702K, committed 2816K, reserved 1048576K
}
Event: 4.559 GC heap before
{Heap before GC invocations=7 (full 1):
 PSYoungGen      total 70656K, used 65536K [0x00000000d6100000, 0x00000000dab00000, 0x0000000100000000)
  eden space 65536K, 100% used [0x00000000d6100000,0x00000000da100000,0x00000000da100000)
  from space 5120K, 0% used [0x00000000da100000,0x00000000da100000,0x00000000da600000)
  to   space 5120K, 0% used [0x00000000da600000,0x00000000da600000,0x00000000dab00000)
 ParOldGen       total 54272K, used 6204K [0x0000000082200000, 0x0000000085700000, 0x00000000d6100000)
  object space 54272K, 11% used [0x0000000082200000,0x000000008280f1d8,0x0000000085700000)
 Metaspace       used 26601K, capacity 28112K, committed 28288K, reserved 1073152K
  class space    used 3373K, capacity 3637K, committed 3712K, reserved 1048576K
Event: 4.563 GC heap after
Heap after GC invocations=7 (full 1):
 PSYoungGen      total 67584K, used 5105K [0x00000000d6100000, 0x00000000dd700000, 0x0000000100000000)
  eden space 62464K, 0% used [0x00000000d6100000,0x00000000d6100000,0x00000000d9e00000)
  from space 5120K, 99% used [0x00000000da600000,0x00000000daafc7d8,0x00000000dab00000)
  to   space 8192K, 0% used [0x00000000d9e00000,0x00000000d9e00000,0x00000000da600000)
 ParOldGen       total 54272K, used 8011K [0x0000000082200000, 0x0000000085700000, 0x00000000d6100000)
  object space 54272K, 14% used [0x0000000082200000,0x00000000829d2d70,0x0000000085700000)
 Metaspace       used 26601K, capacity 28112K, committed 28288K, reserved 1073152K
  class space    used 3373K, capacity 3637K, committed 3712K, reserved 1048576K
}

