生成启动时间为 2020/12/5 21:04:07。
     1>项目“D:\C++编程练习\test_12_3\test_12_3\test_12_3.vcxproj”在节点 2 上(Rebuild 个目标)。
     1>ClCompile:
         D:\Program Files (x86)\Microsoft Visual Studio 12.0\VC\bin\CL.exe /c /ZI /nologo /W3 /WX- /sdl /Od /Oy- /D _MBCS /Gm /EHsc /RTC1 /MDd /GS /fp:precise /Zc:wchar_t /Zc:forScope /Fo"Debug\\" /Fd"Debug\vc120.pdb" /Gd /TC /analyze- /errorReport:prompt "F:\桌面文件\12.05\Student.c" test.c
         test.c
         Student.c
         正在生成代码...
       Link:
         D:\Program Files (x86)\Microsoft Visual Studio 12.0\VC\bin\link.exe /ERRORREPORT:PROMPT /OUT:"D:\C++编程练习\test_12_3\Debug\test_12_3.exe" /INCREMENTAL /NOLOGO kernel32.lib user32.lib gdi32.lib winspool.lib comdlg32.lib advapi32.lib shell32.lib ole32.lib oleaut32.lib uuid.lib odbc32.lib odbccp32.lib /MANIFEST /MANIFESTUAC:"level='asInvoker' uiAccess='false'" /manifest:embed /DEBUG /PDB:"D:\C++编程练习\test_12_3\Debug\test_12_3.pdb" /SUBSYSTEM:CONSOLE /TLBID:1 /DYNAMICBASE /NXCOMPAT /IMPLIB:"D:\C++编程练习\test_12_3\Debug\test_12_3.lib" /MACHINE:X86 Debug\Student.obj
         Debug\test.obj
     1>test.obj : error LNK2005: _main 已经在 Student.obj 中定义
     1>D:\C++编程练习\test_12_3\Debug\test_12_3.exe : fatal error LNK1169: 找到一个或多个多重定义的符号
     1>已完成生成项目“D:\C++编程练习\test_12_3\test_12_3\test_12_3.vcxproj”(Rebuild 个目标)的操作 - 失败。

生成失败。

已用时间 00:00:00.30
